<?xml version="1.0" encoding="UTF-8"?>
<testsuite xmlns:xsi="http://www.w3.org/2001/XMLSchema-instance" xsi:noNamespaceSchemaLocation="https://maven.apache.org/surefire/maven-surefire-plugin/xsd/surefire-test-report.xsd" version="3.0.2" name="project.testmaster.backend.service.StudentServiceTest" time="0.348" tests="6" errors="0" skipped="0" failures="0">
  <properties>
[...]
</properties>
  <testcase name="getStudentById_WhenStudentNotExists_ShouldReturnNull" classname="project.testmaster.backend.service.StudentServiceTest" time="0.005">
    <system-out><![CDATA[2025-03-29T12:22:59.240+07:00  INFO 37962 --- [backend] [           main] t.c.s.AnnotationConfigContextLoaderUtils : Could not detect default configuration classes for test class [project.testmaster.backend.service.StudentServiceTest]: StudentServiceTest does not declare any static, non-private, non-final, nested classes annotated with @Configuration.
2025-03-29T12:22:59.241+07:00  INFO 37962 --- [backend] [           main] .b.t.c.SpringBootTestContextBootstrapper : Found @SpringBootConfiguration project.testmaster.backend.BackendApplication for test class project.testmaster.backend.service.StudentServiceTest
Hibernate: 
    select
        s1_0.user_id,
        u1_0.id,
        u1_0.first_name,
        u1_0.last_name,
        u1_0.phone_number 
    from
        public.student s1_0 
    join
        public.user u1_0 
            on u1_0.id=s1_0.user_id 
    where
        s1_0.user_id=?
]]></system-out>
  </testcase>
  <testcase name="login_WithInvalidEmail_ShouldReturnNull" classname="project.testmaster.backend.service.StudentServiceTest" time="0.005">
    <system-out><![CDATA[Hibernate: 
    select
        a1_0.user_id,
        a1_0.email,
        a1_0.password 
    from
        public.account a1_0 
    where
        a1_0.email=?
]]></system-out>
  </testcase>
  <testcase name="getStudentById_WhenStudentExists_ShouldReturnStudent" classname="project.testmaster.backend.service.StudentServiceTest" time="0.083">
    <system-out><![CDATA[Hibernate: 
    insert 
    into
        public.user
        (first_name, last_name, phone_number, id) 
    values
        (?, ?, ?, ?)
Hibernate: 
    insert 
    into
        public.account
        (email, password, user_id) 
    values
        (?, ?, ?)
Hibernate: 
    insert 
    into
        public.student
        (user_id) 
    values
        (?)
Hibernate: 
    select
        a1_0.user_id,
        a1_0.email,
        a1_0.password 
    from
        public.account a1_0 
    where
        a1_0.email=?
]]></system-out>
  </testcase>
  <testcase name="login_WithInvalidPassword_ShouldReturnNull" classname="project.testmaster.backend.service.StudentServiceTest" time="0.003">
    <system-out><![CDATA[Hibernate: 
    select
        a1_0.user_id,
        a1_0.email,
        a1_0.password 
    from
        public.account a1_0 
    where
        a1_0.email=?
]]></system-out>
  </testcase>
  <testcase name="login_WithValidCredentials_ShouldReturnUserId" classname="project.testmaster.backend.service.StudentServiceTest" time="0.16">
    <system-out><![CDATA[Hibernate: 
    insert 
    into
        public.user
        (first_name, last_name, phone_number, id) 
    values
        (?, ?, ?, ?)
Hibernate: 
    insert 
    into
        public.account
        (email, password, user_id) 
    values
        (?, ?, ?)
Hibernate: 
    insert 
    into
        public.student
        (user_id) 
    values
        (?)
Hibernate: 
    select
        a1_0.user_id,
        a1_0.email,
        a1_0.password 
    from
        public.account a1_0 
    where
        a1_0.email=?
Hibernate: 
    select
        a1_0.user_id,
        a1_0.email,
        a1_0.password 
    from
        public.account a1_0 
    where
        a1_0.email=?
]]></system-out>
  </testcase>
  <testcase name="registerStudent_ShouldCreateUserAndStudent" classname="project.testmaster.backend.service.StudentServiceTest" time="0.086">
    <system-out><![CDATA[Hibernate: 
    insert 
    into
        public.user
        (first_name, last_name, phone_number, id) 
    values
        (?, ?, ?, ?)
Hibernate: 
    insert 
    into
        public.account
        (email, password, user_id) 
    values
        (?, ?, ?)
Hibernate: 
    insert 
    into
        public.student
        (user_id) 
    values
        (?)
Hibernate: 
    select
        a1_0.user_id,
        a1_0.email,
        a1_0.password 
    from
        public.account a1_0 
    where
        a1_0.email=?
]]></system-out>
  </testcase>
</testsuite>